<?xml version="1.0" encoding="UTF-8"?>
<!-- Generated by org.testng.reporters.JUnitReportReporter -->
<testsuite hostname="DESKTOP-U8A9KM6" failures="0" tests="1" name="tests.CheckoutTest" time="28.317" errors="0" timestamp="2025-06-21T16:02:32 EEST" skipped="0">
  <testcase classname="tests.CheckoutTest" name="testGuestCheckoutFlow" time="28.317"/>
</testsuite> <!-- tests.CheckoutTest -->
