<?xml version="1.0" encoding="UTF-8"?>
<!-- Generated by org.testng.reporters.JUnitReportReporter -->
<testsuite hostname="DESKTOP-U8A9KM6" failures="0" tests="1" name="com.sprints.FirstTest" time="10.685" errors="0" timestamp="2025-06-20T23:15:45 EEST" skipped="0">
  <testcase classname="com.sprints.FirstTest" name="openHomePage" time="10.685"/>
</testsuite> <!-- com.sprints.FirstTest -->
