<?xml version="1.0" encoding="UTF-8"?>
<!-- Generated by org.testng.reporters.JUnitReportReporter -->
<testsuite hostname="DESKTOP-U8A9KM6" failures="0" tests="1" name="tests.AddToCartTest" time="19.795" errors="0" timestamp="2025-06-21T16:02:32 EEST" skipped="0">
  <testcase classname="tests.AddToCartTest" name="addHoodieToCartTest" time="19.795"/>
</testsuite> <!-- tests.AddToCartTest -->
