<?xml version="1.0" encoding="UTF-8"?>
<!-- Generated by org.testng.reporters.JUnitReportReporter -->
<testsuite hostname="DESKTOP-U8A9KM6" failures="0" tests="1" name="tests.HomePageTest" time="10.790" errors="0" timestamp="2025-06-21T16:02:32 EEST" skipped="0">
  <testcase classname="tests.HomePageTest" name="testSearchFunctionality" time="10.790"/>
</testsuite> <!-- tests.HomePageTest -->
