<?xml version="1.0" encoding="UTF-8"?>
<!-- Generated by org.testng.reporters.JUnitReportReporter -->
<testsuite hostname="DESKTOP-U8A9KM6" failures="0" tests="1" name="tests.HomePageTest" time="23.372" errors="0" timestamp="2025-06-21T15:38:36 EEST" skipped="0">
  <testcase classname="tests.HomePageTest" name="testSearchFunctionality" time="23.372"/>
</testsuite> <!-- tests.HomePageTest -->
