<?xml version="1.0" encoding="UTF-8"?>
<!-- Generated by org.testng.reporters.JUnitReportReporter -->
<testsuite hostname="DESKTOP-U8A9KM6" failures="0" tests="1" name="tests.HomePageTest" time="11.626" errors="0" timestamp="2025-06-20T23:19:58 EEST" skipped="0">
  <testcase classname="tests.HomePageTest" name="testSearchFunctionality" time="11.626"/>
</testsuite> <!-- tests.HomePageTest -->
